Flow report for SPI_EXAMPLE
Fri Jul 17 22:09:06 2026
Quartus Prime Version 18.1.0 Build 625 09/12/2018 SJ Standard Edition


---------------------
; Table of Contents ;
---------------------
  1. Legal Notice
  2. Flow Summary
  3. Flow Settings
  4. Flow Non-Default Global Settings
  5. Flow Elapsed Time
  6. Flow OS Summary
  7. Flow Log
  8. Flow Messages
  9. Flow Suppressed Messages



----------------
; Legal Notice ;
----------------
Copyright (C) 2018  Intel Corporation. All rights reserved.
Your use of Intel Corporation's design tools, logic functions 
and other software and tools, and its AMPP partner logic 
functions, and any output files from any of the foregoing 
(including device programming or simulation files), and any 
associated documentation or information are expressly subject 
to the terms and conditions of the Intel Program License 
Subscription Agreement, the Intel Quartus Prime License Agreement,
the Intel FPGA IP License Agreement, or other applicable license
agreement, including, without limitation, that your use is for
the sole purpose of programming logic devices manufactured by
Intel and sold by Intel or its authorized distributors.  Please
refer to the applicable agreement for further details.



+--------------------------------------------------------------------------------------+
; Flow Summary                                                                         ;
+------------------------------------+-------------------------------------------------+
; Flow Status                        ; Successful - Fri Jul 17 22:09:06 2026           ;
; Quartus Prime Version              ; 18.1.0 Build 625 09/12/2018 SJ Standard Edition ;
; Revision Name                      ; SPI_EXAMPLE                                     ;
; Top-level Entity Name              ; DUT                                             ;
; Family                             ; Cyclone IV E                                    ;
; Device                             ; EP4CE6E22C8                                     ;
; Timing Models                      ; Final                                           ;
; Total logic elements               ; N/A until Partition Merge                       ;
;     Total combinational functions  ; N/A until Partition Merge                       ;
;     Dedicated logic registers      ; N/A until Partition Merge                       ;
; Total registers                    ; N/A until Partition Merge                       ;
; Total pins                         ; N/A until Partition Merge                       ;
; Total virtual pins                 ; N/A until Partition Merge                       ;
; Total memory bits                  ; N/A until Partition Merge                       ;
; Embedded Multiplier 9-bit elements ; N/A until Partition Merge                       ;
; Total PLLs                         ; N/A until Partition Merge                       ;
+------------------------------------+-------------------------------------------------+


+-----------------------------------------+
; Flow Settings                           ;
+-------------------+---------------------+
; Option            ; Setting             ;
+-------------------+---------------------+
; Start date & time ; 12/21/2023 23:54:08 ;
; Main task         ; Compilation         ;
; Revision Name     ; SPI_EXAMPLE         ;
+-------------------+---------------------+


+--------------------------------------------------------------------+
; Flow Non-Default Global Settings                                   ;
+-----------------+-------+---------------+-------------+------------+
; Assignment Name ; Value ; Default Value ; Entity Name ; Section Id ;
+-----------------+-------+---------------+-------------+------------+


+--------------------------------------------------------------------------------------------------------------------------+
; Flow Elapsed Time                                                                                                        ;
+----------------------+--------------+-------------------------+---------------------+------------------------------------+
; Module Name          ; Elapsed Time ; Average Processors Used ; Peak Virtual Memory ; Total CPU Time (on all processors) ;
+----------------------+--------------+-------------------------+---------------------+------------------------------------+
; Analysis & Synthesis ; 00:00:09     ; 1.0                     ; 4723 MB             ; 00:00:17                           ;
; Analysis & Synthesis ; 00:00:08     ; 1.0                     ; 4723 MB             ; 00:00:17                           ;
; Analysis & Synthesis ; 00:00:28     ; 1.3                     ; 4845 MB             ; 00:00:49                           ;
; Total                ; 00:00:45     ; --                      ; --                  ; 00:01:23                           ;
+----------------------+--------------+-------------------------+---------------------+------------------------------------+


+------------------------------------------------------------------------------------+
; Flow OS Summary                                                                    ;
+----------------------+------------------+------------+------------+----------------+
; Module Name          ; Machine Hostname ; OS Name    ; OS Version ; Processor type ;
+----------------------+------------------+------------+------------+----------------+
; Analysis & Synthesis ; HOME-PC          ; Windows 10 ; 10.0       ; x86_64         ;
; Analysis & Synthesis ; HOME-PC          ; Windows 10 ; 10.0       ; x86_64         ;
; Analysis & Synthesis ; HOME-PC          ; Windows 10 ; 10.0       ; x86_64         ;
+----------------------+------------------+------------+------------+----------------+


------------
; Flow Log ;
------------
quartus_sh --restore -output C:\Users\TurDi\Desktop\SPI_EXAMPLE/ "F:\FPGA PROJECTS\SPI_EXAMPLE\SPI_EXAMPLE.qar"
quartus_map --read_settings_files=on --write_settings_files=off SPI_EXAMPLE -c SPI_EXAMPLE
quartus_map --read_settings_files=on --write_settings_files=off SPI_EXAMPLE -c SPI_EXAMPLE
quartus_map --read_settings_files=on --write_settings_files=off SPI_EXAMPLE -c SPI_EXAMPLE



